<?xml version="1.0" encoding="UTF-8"?>
<testng-results skipped="0" failed="0" ignored="0" total="1" passed="1">
  <reporter-output>
  </reporter-output>
  <suite name="Integration" duration-ms="35798" started-at="2018-02-27T12:56:58Z" finished-at="2018-02-27T12:57:34Z">
    <groups>
    </groups>
    <test name="SetupTest" duration-ms="35798" started-at="2018-02-27T12:56:58Z" finished-at="2018-02-27T12:57:34Z">
      <class name="Integration.ProjectIntegration.AppTest">
        <test-method status="PASS" signature="testng()[pri:0, instance:Integration.ProjectIntegration.AppTest@61bb1e3e]" name="testng" duration-ms="35767" started-at="2018-02-27T12:56:58Z" finished-at="2018-02-27T12:57:34Z">
          <reporter-output>
          </reporter-output>
        </test-method> <!-- testng -->
      </class> <!-- Integration.ProjectIntegration.AppTest -->
    </test> <!-- SetupTest -->
  </suite> <!-- Integration -->
</testng-results>
